Build started 10/6/2016 5:29:31 PM.
     1>Project "C:\Users\Eric\documents\visual studio 2013\Projects\MemoryScanner\MemoryScanner\MemoryScanner.vcxproj" on node 2 (Build target(s)).
     1>ClCompile:
         C:\Program Files (x86)\Microsoft Visual Studio 12.0\VC\bin\x86_amd64\CL.exe /c /Zi /nologo /W3 /WX- /sdl /O2 /Oi /GL /D _MBCS /Gm- /EHsc /MD /GS /Gy /fp:precise /Zc:wchar_t /Zc:forScope /Fo"x64\Release\\" /Fd"x64\Release\vc120.pdb" /Gd /TP /errorReport:prompt error.cpp menu.cpp scanner.cpp modinfo.cpp memscan.cpp
         error.cpp
         menu.cpp
     1>menu.cpp(65): warning C4267: 'argument' : conversion from 'size_t' to 'unsigned int', possible loss of data
     1>menu.cpp(177): warning C4267: 'argument' : conversion from 'size_t' to 'int', possible loss of data
     1>menu.cpp(179): warning C4267: 'argument' : conversion from 'size_t' to 'int', possible loss of data
         scanner.cpp
     1>scanner.cpp(193): error C2110: '+' : cannot add two pointers
     1>scanner.cpp(276): error C2110: '+' : cannot add two pointers
     1>scanner.cpp(280): error C2110: '+' : cannot add two pointers
     1>scanner.cpp(347): error C2110: '+' : cannot add two pointers
     1>scanner.cpp(372): error C2110: '+' : cannot add two pointers
         modinfo.cpp
         memscan.cpp
     1>Done Building Project "C:\Users\Eric\documents\visual studio 2013\Projects\MemoryScanner\MemoryScanner\MemoryScanner.vcxproj" (Build target(s)) -- FAILED.

Build FAILED.

Time Elapsed 00:00:03.38
