Build started 10/6/2016 3:19:08 PM.
     1>Project "C:\Users\Eric\documents\visual studio 2013\Projects\MemoryScanner\MemoryScanner\MemoryScanner.vcxproj" on node 2 (Build target(s)).
     1>ClCompile:
         C:\Program Files (x86)\Microsoft Visual Studio 12.0\VC\bin\CL.exe /c /Zi /nologo /W3 /WX- /sdl /O2 /Oi /Oy- /GL /D _MBCS /Gm- /EHsc /MD /GS /Gy /fp:precise /Zc:wchar_t /Zc:forScope /Fo"Release\\" /Fd"Release\vc120.pdb" /Gd /TP /analyze- /errorReport:prompt memscan.cpp menu.cpp scanner.cpp
         memscan.cpp
         menu.cpp
         scanner.cpp
     1>scanner.cpp(35): error C2039: 'region_size' : is not a member of 'MemoryBlockInfo'
                 c:\users\eric\documents\visual studio 2013\projects\memoryscanner\memoryscanner\scanner.h(4) : see declaration of 'MemoryBlockInfo'
     1>scanner.cpp(89): error C2039: 'results' : is not a member of 'ScanData'
                 c:\users\eric\documents\visual studio 2013\projects\memoryscanner\memoryscanner\scanner.h(15) : see declaration of 'ScanData'
     1>scanner.cpp(162): error C2039: 'region_size' : is not a member of 'MemoryBlockInfo'
                 c:\users\eric\documents\visual studio 2013\projects\memoryscanner\memoryscanner\scanner.h(4) : see declaration of 'MemoryBlockInfo'
     1>scanner.cpp(178): error C2039: 'region_size' : is not a member of 'MemoryBlockInfo'
                 c:\users\eric\documents\visual studio 2013\projects\memoryscanner\memoryscanner\scanner.h(4) : see declaration of 'MemoryBlockInfo'
     1>scanner.cpp(180): error C2039: 'region_size' : is not a member of 'MemoryBlockInfo'
                 c:\users\eric\documents\visual studio 2013\projects\memoryscanner\memoryscanner\scanner.h(4) : see declaration of 'MemoryBlockInfo'
     1>scanner.cpp(189): error C2039: 'results' : is not a member of 'ScanData'
                 c:\users\eric\documents\visual studio 2013\projects\memoryscanner\memoryscanner\scanner.h(15) : see declaration of 'ScanData'
     1>scanner.cpp(189): error C2227: left of '->push_back' must point to class/struct/union/generic type
     1>scanner.cpp(207): error C2039: 'region_size' : is not a member of 'MemoryBlockInfo'
                 c:\users\eric\documents\visual studio 2013\projects\memoryscanner\memoryscanner\scanner.h(4) : see declaration of 'MemoryBlockInfo'
     1>scanner.cpp(208): error C2660: 'ReadProcessMemory' : function does not take 4 arguments
     1>Done Building Project "C:\Users\Eric\documents\visual studio 2013\Projects\MemoryScanner\MemoryScanner\MemoryScanner.vcxproj" (Build target(s)) -- FAILED.

Build FAILED.

Time Elapsed 00:00:02.09
